2024-12-23 12:21:13,269 - INFO - Starting TabNet pretraining...
2024-12-23 12:31:05,135 - INFO - epoch   1 | loss:   12.2404,  val_0_unsup_loss_numpy:  163.1069
2024-12-23 12:41:21,642 - INFO - epoch   2 | loss:    0.4965,  val_0_unsup_loss_numpy:   87.2768
2024-12-23 12:52:44,876 - INFO - epoch   3 | loss:    0.4397,  val_0_unsup_loss_numpy:    5.5665
2024-12-23 13:04:12,966 - INFO - epoch   4 | loss:    0.4129,  val_0_unsup_loss_numpy:    6.5436
2024-12-23 13:15:43,189 - INFO - epoch   5 | loss:    0.3917,  val_0_unsup_loss_numpy:   12.3130
2024-12-23 13:31:27,565 - INFO - epoch   6 | loss:    0.3767,  val_0_unsup_loss_numpy:    6.5985
2024-12-23 13:42:02,580 - INFO - epoch   7 | loss:    0.3612,  val_0_unsup_loss_numpy:   12.3055
2024-12-23 13:52:41,306 - INFO - epoch   8 | loss:    0.3518,  val_0_unsup_loss_numpy:   12.7623
2024-12-23 14:02:56,621 - INFO - epoch   9 | loss:    0.3291,  val_0_unsup_loss_numpy:   12.6827
2024-12-23 14:13:31,928 - INFO - epoch  10 | loss:    0.3114,  val_0_unsup_loss_numpy:   73.5227
2024-12-23 14:23:40,900 - INFO - epoch  11 | loss:    0.3067,  val_0_unsup_loss_numpy:   13.0614
2024-12-23 14:33:45,058 - INFO - epoch  12 | loss:    0.3042,  val_0_unsup_loss_numpy:   17.9098
2024-12-23 14:44:17,608 - INFO - epoch  13 | loss:    0.3004,  val_0_unsup_loss_numpy:   42.4395
2024-12-23 14:54:30,699 - INFO - epoch  14 | loss:    0.2969,  val_0_unsup_loss_numpy:   17.2350
2024-12-23 15:04:38,705 - INFO - epoch  15 | loss:    0.2904,  val_0_unsup_loss_numpy:   16.1734
2024-12-23 15:14:44,786 - INFO - epoch  16 | loss:    0.2782,  val_0_unsup_loss_numpy:   13.9689
2024-12-23 15:24:47,152 - INFO - epoch  17 | loss:    0.2747,  val_0_unsup_loss_numpy:   15.9050
2024-12-23 15:34:58,470 - INFO - epoch  18 | loss:    0.2724,  val_0_unsup_loss_numpy:   14.4361
2024-12-23 15:45:28,694 - INFO - epoch  19 | loss:    0.2711,  val_0_unsup_loss_numpy:   15.6424
2024-12-23 15:55:35,384 - INFO - epoch  20 | loss:    0.2700,  val_0_unsup_loss_numpy:   16.0137
2024-12-23 16:05:41,054 - INFO - epoch  21 | loss:    0.2695,  val_0_unsup_loss_numpy:   15.1516
2024-12-23 16:15:31,187 - INFO - epoch  22 | loss:    0.2680,  val_0_unsup_loss_numpy:   14.3019
2024-12-23 16:24:56,405 - INFO - epoch  23 | loss:    0.2673,  val_0_unsup_loss_numpy:   17.4938
2024-12-23 16:34:17,318 - INFO - epoch  24 | loss:    0.2660,  val_0_unsup_loss_numpy:   14.2846
2024-12-23 16:43:34,195 - INFO - epoch  25 | loss:    0.2653,  val_0_unsup_loss_numpy:   20.0842
2024-12-23 16:52:51,316 - INFO - epoch  26 | loss:    0.2648,  val_0_unsup_loss_numpy:   17.2042
2024-12-23 17:02:10,678 - INFO - epoch  27 | loss:    0.2638,  val_0_unsup_loss_numpy:   16.9085
2024-12-23 17:11:26,352 - INFO - epoch  28 | loss:    0.2630,  val_0_unsup_loss_numpy:   16.1231
2024-12-23 17:20:45,256 - INFO - epoch  29 | loss:    0.2629,  val_0_unsup_loss_numpy:   15.6448
2024-12-23 17:30:02,483 - INFO - epoch  30 | loss:    0.2617,  val_0_unsup_loss_numpy:   17.6743
2024-12-23 17:39:21,875 - INFO - epoch  31 | loss:    0.2614,  val_0_unsup_loss_numpy:   14.1917
2024-12-23 17:48:40,357 - INFO - epoch  32 | loss:    0.2602,  val_0_unsup_loss_numpy:   13.9905
2024-12-23 17:57:56,545 - INFO - epoch  33 | loss:    0.2592,  val_0_unsup_loss_numpy:   14.6746
2024-12-23 18:07:14,722 - INFO - epoch  34 | loss:    0.2593,  val_0_unsup_loss_numpy:   16.7485
2024-12-23 18:16:31,954 - INFO - epoch  35 | loss:    0.2583,  val_0_unsup_loss_numpy:   16.3982
2024-12-23 18:25:49,673 - INFO - epoch  36 | loss:    0.2585,  val_0_unsup_loss_numpy:   15.6662
2024-12-23 18:35:06,805 - INFO - epoch  37 | loss:    0.2578,  val_0_unsup_loss_numpy:   12.6236
2024-12-23 18:44:23,171 - INFO - epoch  38 | loss:    0.2567,  val_0_unsup_loss_numpy:   13.1080
2024-12-23 18:53:40,382 - INFO - epoch  39 | loss:    0.2565,  val_0_unsup_loss_numpy:   10.8063
2024-12-23 19:02:58,544 - INFO - epoch  40 | loss:    0.2557,  val_0_unsup_loss_numpy:   13.3310
2024-12-23 19:12:16,356 - INFO - epoch  41 | loss:    0.2548,  val_0_unsup_loss_numpy:   13.3282
2024-12-23 19:21:34,727 - INFO - epoch  42 | loss:    0.2546,  val_0_unsup_loss_numpy:   14.1476
2024-12-23 19:30:53,061 - INFO - epoch  43 | loss:    0.2541,  val_0_unsup_loss_numpy:   13.6932
2024-12-23 19:40:11,602 - INFO - epoch  44 | loss:    0.2532,  val_0_unsup_loss_numpy:   20.8536
2024-12-23 19:49:27,765 - INFO - epoch  45 | loss:    0.2531,  val_0_unsup_loss_numpy:   11.1337
2024-12-23 19:58:45,775 - INFO - epoch  46 | loss:    0.2523,  val_0_unsup_loss_numpy:   13.3900
2024-12-23 20:08:03,929 - INFO - epoch  47 | loss:    0.2526,  val_0_unsup_loss_numpy:   11.4261
2024-12-23 20:17:22,631 - INFO - epoch  48 | loss:    0.2522,  val_0_unsup_loss_numpy:   13.1266
2024-12-23 20:26:39,914 - INFO - epoch  49 | loss:    0.2513,  val_0_unsup_loss_numpy:    9.4973
2024-12-23 20:35:56,412 - INFO - epoch  50 | loss:    0.2510,  val_0_unsup_loss_numpy:   10.1528
2024-12-23 20:45:13,652 - INFO - epoch  51 | loss:    0.2507,  val_0_unsup_loss_numpy:    8.7955
2024-12-23 20:54:31,485 - INFO - epoch  52 | loss:    0.2506,  val_0_unsup_loss_numpy:    9.0479
2024-12-23 21:03:49,284 - INFO - epoch  53 | loss:    0.2498,  val_0_unsup_loss_numpy:   13.4423
2024-12-23 21:13:05,223 - INFO - epoch  54 | loss:    0.2496,  val_0_unsup_loss_numpy:    9.3602
2024-12-23 21:22:22,540 - INFO - epoch  55 | loss:    0.2493,  val_0_unsup_loss_numpy:    7.2925
2024-12-23 21:31:41,985 - INFO - epoch  56 | loss:    0.2489,  val_0_unsup_loss_numpy:    8.6997
2024-12-23 21:40:56,836 - INFO - epoch  57 | loss:    0.2484,  val_0_unsup_loss_numpy:    5.4790
2024-12-23 21:50:13,122 - INFO - epoch  58 | loss:    0.2485,  val_0_unsup_loss_numpy:    6.0063
2024-12-23 21:59:33,978 - INFO - epoch  59 | loss:    0.2475,  val_0_unsup_loss_numpy:    5.3331
2024-12-23 22:08:54,828 - INFO - epoch  60 | loss:    0.2469,  val_0_unsup_loss_numpy:    3.6761
2024-12-23 22:18:07,666 - INFO - epoch  61 | loss:    0.2463,  val_0_unsup_loss_numpy:    2.4858
2024-12-23 22:27:24,132 - INFO - epoch  62 | loss:    0.2465,  val_0_unsup_loss_numpy:    3.5050
2024-12-23 22:36:41,858 - INFO - epoch  63 | loss:    0.2461,  val_0_unsup_loss_numpy:    1.7129
2024-12-23 22:45:57,237 - INFO - epoch  64 | loss:    0.2456,  val_0_unsup_loss_numpy:    2.8266
2024-12-23 22:55:14,136 - INFO - epoch  65 | loss:    0.2455,  val_0_unsup_loss_numpy:    1.1234
2024-12-23 23:04:29,359 - INFO - epoch  66 | loss:    0.2446,  val_0_unsup_loss_numpy:    5.9128
2024-12-23 23:13:46,467 - INFO - epoch  67 | loss:    0.2444,  val_0_unsup_loss_numpy:    1.0478
2024-12-23 23:23:01,346 - INFO - epoch  68 | loss:    0.2439,  val_0_unsup_loss_numpy:    1.5188
2024-12-23 23:32:17,227 - INFO - epoch  69 | loss:    0.2438,  val_0_unsup_loss_numpy:    0.7587
2024-12-23 23:41:31,247 - INFO - epoch  70 | loss:    0.2436,  val_0_unsup_loss_numpy:    0.9595
2024-12-23 23:50:43,919 - INFO - epoch  71 | loss:    0.2430,  val_0_unsup_loss_numpy:    1.0839
2024-12-24 00:00:00,251 - INFO - epoch  72 | loss:    0.2428,  val_0_unsup_loss_numpy:    1.2868
2024-12-24 00:09:18,517 - INFO - epoch  73 | loss:    0.2418,  val_0_unsup_loss_numpy:    0.8703
2024-12-24 00:18:34,588 - INFO - epoch  74 | loss:    0.2414,  val_0_unsup_loss_numpy:    0.8341
2024-12-24 00:27:51,295 - INFO - epoch  75 | loss:    0.2418,  val_0_unsup_loss_numpy:    0.8102
2024-12-24 00:37:05,977 - INFO - epoch  76 | loss:    0.2413,  val_0_unsup_loss_numpy:    4.3572
2024-12-24 00:46:23,479 - INFO - epoch  77 | loss:    0.2411,  val_0_unsup_loss_numpy:    0.8819
2024-12-24 00:55:37,294 - INFO - epoch  78 | loss:    0.2412,  val_0_unsup_loss_numpy:    0.6502
2024-12-24 01:04:53,337 - INFO - epoch  79 | loss:    0.2408,  val_0_unsup_loss_numpy:    4.0508
2024-12-24 01:14:10,197 - INFO - epoch  80 | loss:    0.2405,  val_0_unsup_loss_numpy:    1.0190
2024-12-24 01:23:24,506 - INFO - epoch  81 | loss:    0.2403,  val_0_unsup_loss_numpy:    0.8554
2024-12-24 01:32:38,047 - INFO - epoch  82 | loss:    0.2402,  val_0_unsup_loss_numpy:    0.8084
2024-12-24 01:41:53,253 - INFO - epoch  83 | loss:    0.2398,  val_0_unsup_loss_numpy:    0.7225
2024-12-24 01:51:08,798 - INFO - epoch  84 | loss:    0.2394,  val_0_unsup_loss_numpy:    0.6972
2024-12-24 02:00:24,013 - INFO - epoch  85 | loss:    0.2390,  val_0_unsup_loss_numpy:    0.6951
2024-12-24 02:09:39,549 - INFO - epoch  86 | loss:    0.2391,  val_0_unsup_loss_numpy:    0.7021
2024-12-24 02:18:53,238 - INFO - epoch  87 | loss:    0.2388,  val_0_unsup_loss_numpy:    0.9982
2024-12-24 02:28:10,140 - INFO - epoch  88 | loss:    0.2387,  val_0_unsup_loss_numpy:    1.3720
2024-12-24 02:37:24,010 - INFO - epoch  89 | loss:    0.2382,  val_0_unsup_loss_numpy:    0.7598
2024-12-24 02:46:40,227 - INFO - epoch  90 | loss:    0.2377,  val_0_unsup_loss_numpy:    0.7905
2024-12-24 02:55:54,353 - INFO - epoch  91 | loss:    0.2375,  val_0_unsup_loss_numpy:    0.9484
2024-12-24 03:05:06,081 - INFO - epoch  92 | loss:    0.2375,  val_0_unsup_loss_numpy:    1.0289
2024-12-24 03:14:18,537 - INFO - epoch  93 | loss:    0.2370,  val_0_unsup_loss_numpy:    1.0767
2024-12-24 03:23:33,186 - INFO - epoch  94 | loss:    0.2369,  val_0_unsup_loss_numpy:    0.8804
2024-12-24 03:32:46,996 - INFO - epoch  95 | loss:    0.2364,  val_0_unsup_loss_numpy:    1.1255
2024-12-24 03:42:01,135 - INFO - epoch  96 | loss:    0.2359,  val_0_unsup_loss_numpy:    1.1152
2024-12-24 03:51:14,521 - INFO - epoch  97 | loss:    0.2356,  val_0_unsup_loss_numpy:    0.8550
2024-12-24 04:00:30,062 - INFO - epoch  98 | loss:    0.2351,  val_0_unsup_loss_numpy:    0.8818
2024-12-24 04:09:46,620 - INFO - epoch  99 | loss:    0.2348,  val_0_unsup_loss_numpy:    1.0898
2024-12-24 04:19:01,231 - INFO - epoch 100 | loss:    0.2344,  val_0_unsup_loss_numpy:    0.8570
2024-12-24 04:19:01,242 - INFO - TabNet pretraining finished.
