2025-01-12 16:15:41,990 - INFO - Starting TabNet pretraining...
2025-01-12 16:19:37,919 - INFO - epoch   1 | loss:  395.9712,  val_0_unsup_loss_numpy:   44.1559
2025-01-12 16:22:58,095 - INFO - epoch   2 | loss:    1.2379,  val_0_unsup_loss_numpy:   31.9256
2025-01-12 16:26:20,289 - INFO - epoch   3 | loss:    1.0493,  val_0_unsup_loss_numpy:   28.1620
2025-01-12 16:29:43,696 - INFO - epoch   4 | loss:    0.9121,  val_0_unsup_loss_numpy:  275.4369
2025-01-12 16:33:06,039 - INFO - epoch   5 | loss:    0.7992,  val_0_unsup_loss_numpy:   17.9308
2025-01-12 16:36:29,097 - INFO - epoch   6 | loss:    0.6738,  val_0_unsup_loss_numpy:   27.5114
2025-01-12 16:39:52,399 - INFO - epoch   7 | loss:    0.6486,  val_0_unsup_loss_numpy:   17.5274
2025-01-12 16:43:24,606 - INFO - epoch   8 | loss:    0.6024,  val_0_unsup_loss_numpy:   27.7653
2025-01-12 16:46:55,263 - INFO - epoch   9 | loss:    0.5455,  val_0_unsup_loss_numpy:   31.7135
2025-01-12 16:50:27,120 - INFO - epoch  10 | loss:    0.5176,  val_0_unsup_loss_numpy:   50.8467
2025-01-12 16:53:42,785 - INFO - epoch  11 | loss:    0.5486,  val_0_unsup_loss_numpy:   69.8683
2025-01-12 16:56:56,855 - INFO - epoch  12 | loss:    0.5548,  val_0_unsup_loss_numpy:   80.4241
2025-01-12 17:00:12,578 - INFO - epoch  13 | loss:    0.4941,  val_0_unsup_loss_numpy:  204.1885
2025-01-12 17:03:26,200 - INFO - epoch  14 | loss:    0.4718,  val_0_unsup_loss_numpy:  136.4317
2025-01-12 17:06:41,591 - INFO - epoch  15 | loss:    0.4534,  val_0_unsup_loss_numpy:  385.9838
2025-01-12 17:09:57,473 - INFO - epoch  16 | loss:    0.4880,  val_0_unsup_loss_numpy:   50.8721
2025-01-12 17:13:12,413 - INFO - epoch  17 | loss:    0.4369,  val_0_unsup_loss_numpy:  448.2241
2025-01-12 17:16:27,273 - INFO - epoch  18 | loss:    0.4402,  val_0_unsup_loss_numpy:  778.3034
2025-01-12 17:19:43,250 - INFO - epoch  19 | loss:    0.4075,  val_0_unsup_loss_numpy:  431.2624
2025-01-12 17:22:58,349 - INFO - epoch  20 | loss:    0.3801,  val_0_unsup_loss_numpy:   17.6616
2025-01-12 17:26:13,579 - INFO - epoch  21 | loss:    0.3768,  val_0_unsup_loss_numpy:  157.0107
2025-01-12 17:29:30,220 - INFO - epoch  22 | loss:    0.3787,  val_0_unsup_loss_numpy:  273.6688
2025-01-12 17:32:49,336 - INFO - epoch  23 | loss:    0.3839,  val_0_unsup_loss_numpy:  317.5474
2025-01-12 17:36:08,051 - INFO - epoch  24 | loss:    0.3609,  val_0_unsup_loss_numpy:  786.9069
2025-01-12 17:39:28,900 - INFO - epoch  25 | loss:    0.3623,  val_0_unsup_loss_numpy:   25.5566
2025-01-12 17:42:50,079 - INFO - epoch  26 | loss:    0.3463,  val_0_unsup_loss_numpy:  195.1658
2025-01-12 17:46:10,216 - INFO - epoch  27 | loss:    0.3696,  val_0_unsup_loss_numpy:   83.6809
2025-01-12 17:49:30,284 - INFO - epoch  28 | loss:    0.3682,  val_0_unsup_loss_numpy:   32.1634
2025-01-12 17:52:50,754 - INFO - epoch  29 | loss:    0.3443,  val_0_unsup_loss_numpy:    8.8046
2025-01-12 17:56:10,576 - INFO - epoch  30 | loss:    0.3554,  val_0_unsup_loss_numpy:    1.0243
2025-01-12 17:59:30,758 - INFO - epoch  31 | loss:    0.3223,  val_0_unsup_loss_numpy:    3.7685
2025-01-12 18:02:49,245 - INFO - epoch  32 | loss:    0.3302,  val_0_unsup_loss_numpy:    5.9103
2025-01-12 18:06:08,979 - INFO - epoch  33 | loss:    0.3619,  val_0_unsup_loss_numpy:   22.7310
2025-01-12 18:09:27,812 - INFO - epoch  34 | loss:    0.3372,  val_0_unsup_loss_numpy:  111.7337
2025-01-12 18:12:46,926 - INFO - epoch  35 | loss:    0.3157,  val_0_unsup_loss_numpy:   22.4093
2025-01-12 18:16:08,558 - INFO - epoch  36 | loss:    0.3411,  val_0_unsup_loss_numpy:    1.8435
2025-01-12 18:19:25,404 - INFO - epoch  37 | loss:    0.3475,  val_0_unsup_loss_numpy:    4.9708
2025-01-12 18:22:43,356 - INFO - epoch  38 | loss:    0.3332,  val_0_unsup_loss_numpy:    0.8360
2025-01-12 18:26:02,084 - INFO - epoch  39 | loss:    0.3203,  val_0_unsup_loss_numpy:    2.0007
2025-01-12 18:29:18,760 - INFO - epoch  40 | loss:    0.3114,  val_0_unsup_loss_numpy:    1.9485
2025-01-12 18:29:22,005 - INFO - TabNet pretraining finished.
