2024-12-18 21:23:25,606 - INFO - Starting TabNet pretraining...
2024-12-18 21:33:34,961 - INFO - epoch   1 | loss:    8.6522,  val_0_unsup_loss_numpy:  235.8111
2024-12-18 21:43:22,237 - INFO - epoch   2 | loss:    0.4647,  val_0_unsup_loss_numpy:   53.3077
2024-12-18 21:53:14,968 - INFO - epoch   3 | loss:    0.3753,  val_0_unsup_loss_numpy:   17.7663
2024-12-18 22:02:59,071 - INFO - epoch   4 | loss:    0.3451,  val_0_unsup_loss_numpy:   12.4287
2024-12-18 22:12:43,065 - INFO - epoch   5 | loss:    0.3315,  val_0_unsup_loss_numpy:    7.5325
2024-12-18 22:22:25,953 - INFO - epoch   6 | loss:    0.3107,  val_0_unsup_loss_numpy:   25.9868
2024-12-18 22:32:10,489 - INFO - epoch   7 | loss:    0.2846,  val_0_unsup_loss_numpy:    9.2033
2024-12-18 22:41:55,840 - INFO - epoch   8 | loss:    0.2740,  val_0_unsup_loss_numpy:   20.4722
2024-12-18 22:51:40,878 - INFO - epoch   9 | loss:    0.2670,  val_0_unsup_loss_numpy:    1.6006
2024-12-18 23:01:53,751 - INFO - epoch  10 | loss:    0.2604,  val_0_unsup_loss_numpy:   52.8060
2024-12-18 23:12:17,199 - INFO - epoch  11 | loss:    0.2559,  val_0_unsup_loss_numpy:   13.4422
2024-12-18 23:22:30,249 - INFO - epoch  12 | loss:    0.2504,  val_0_unsup_loss_numpy:    2.2990
2024-12-18 23:32:47,403 - INFO - epoch  13 | loss:    0.2451,  val_0_unsup_loss_numpy:    8.8209
2024-12-18 23:43:13,492 - INFO - epoch  14 | loss:    0.2427,  val_0_unsup_loss_numpy:   35.2230
2024-12-18 23:53:17,237 - INFO - epoch  15 | loss:    0.2392,  val_0_unsup_loss_numpy:    2.1627
2024-12-19 00:03:28,372 - INFO - epoch  16 | loss:    0.2333,  val_0_unsup_loss_numpy:    6.4648
2024-12-19 00:13:38,952 - INFO - epoch  17 | loss:    0.2292,  val_0_unsup_loss_numpy:    1.1988
2024-12-19 00:24:46,854 - INFO - epoch  18 | loss:    0.2283,  val_0_unsup_loss_numpy:    2.0055
2024-12-19 00:35:30,285 - INFO - epoch  19 | loss:    0.2252,  val_0_unsup_loss_numpy:    1.4128
2024-12-19 00:45:27,626 - INFO - epoch  20 | loss:    0.2223,  val_0_unsup_loss_numpy:    1.2905
2024-12-19 00:55:23,460 - INFO - epoch  21 | loss:    0.2200,  val_0_unsup_loss_numpy:    3.9330
2024-12-19 01:05:12,881 - INFO - epoch  22 | loss:    0.2174,  val_0_unsup_loss_numpy:    2.7286
2024-12-19 01:15:01,997 - INFO - epoch  23 | loss:    0.2150,  val_0_unsup_loss_numpy:    5.5372
2024-12-19 01:24:50,412 - INFO - epoch  24 | loss:    0.2139,  val_0_unsup_loss_numpy:    1.9561
2024-12-19 01:36:00,078 - INFO - epoch  25 | loss:    0.2114,  val_0_unsup_loss_numpy:    1.7007
2024-12-19 01:46:17,229 - INFO - epoch  26 | loss:    0.2102,  val_0_unsup_loss_numpy:    2.7783
2024-12-19 01:56:06,187 - INFO - epoch  27 | loss:    0.2082,  val_0_unsup_loss_numpy:   36.7601
2024-12-19 02:05:54,663 - INFO - epoch  28 | loss:    0.2073,  val_0_unsup_loss_numpy:    7.1786
2024-12-19 02:15:43,326 - INFO - epoch  29 | loss:    0.2055,  val_0_unsup_loss_numpy:    2.4579
2024-12-19 02:26:23,188 - INFO - epoch  30 | loss:    0.2041,  val_0_unsup_loss_numpy:    1.8721
2024-12-19 02:37:10,036 - INFO - epoch  31 | loss:    0.2035,  val_0_unsup_loss_numpy:    1.9311
2024-12-19 02:46:59,407 - INFO - epoch  32 | loss:    0.2024,  val_0_unsup_loss_numpy:    2.3254
2024-12-19 02:57:16,531 - INFO - epoch  33 | loss:    0.2021,  val_0_unsup_loss_numpy:    1.6888
2024-12-19 03:14:42,234 - INFO - epoch  34 | loss:    0.2010,  val_0_unsup_loss_numpy:    1.0233
2024-12-19 03:32:09,264 - INFO - epoch  35 | loss:    0.1999,  val_0_unsup_loss_numpy:    1.1399
2024-12-19 03:49:32,774 - INFO - epoch  36 | loss:    0.1992,  val_0_unsup_loss_numpy:    1.7591
2024-12-19 04:06:49,117 - INFO - epoch  37 | loss:    0.1974,  val_0_unsup_loss_numpy:    2.3728
2024-12-19 04:24:07,109 - INFO - epoch  38 | loss:    0.1978,  val_0_unsup_loss_numpy:    2.1482
2024-12-19 04:41:34,068 - INFO - epoch  39 | loss:    0.1957,  val_0_unsup_loss_numpy:    1.5908
2024-12-19 04:58:54,460 - INFO - epoch  40 | loss:    0.1952,  val_0_unsup_loss_numpy:    0.8489
2024-12-19 05:16:10,047 - INFO - epoch  41 | loss:    0.1937,  val_0_unsup_loss_numpy:    0.9166
2024-12-19 05:33:30,763 - INFO - epoch  42 | loss:    0.1924,  val_0_unsup_loss_numpy:    0.9076
2024-12-19 05:50:53,991 - INFO - epoch  43 | loss:    0.1917,  val_0_unsup_loss_numpy:    4.3647
2024-12-19 06:08:52,109 - INFO - epoch  44 | loss:    0.1897,  val_0_unsup_loss_numpy:    0.7238
2024-12-19 06:26:14,729 - INFO - epoch  45 | loss:    0.1868,  val_0_unsup_loss_numpy:    1.1443
2024-12-19 06:40:59,144 - INFO - epoch  46 | loss:    0.1854,  val_0_unsup_loss_numpy:    1.8521
2024-12-19 06:50:47,800 - INFO - epoch  47 | loss:    0.1869,  val_0_unsup_loss_numpy:    1.9543
2024-12-19 07:00:36,655 - INFO - epoch  48 | loss:    0.1841,  val_0_unsup_loss_numpy:    1.6788
2024-12-19 07:10:24,624 - INFO - epoch  49 | loss:    0.1832,  val_0_unsup_loss_numpy:    0.8476
2024-12-19 07:20:13,750 - INFO - epoch  50 | loss:    0.1828,  val_0_unsup_loss_numpy:    0.6898
2024-12-19 07:30:03,047 - INFO - epoch  51 | loss:    0.1817,  val_0_unsup_loss_numpy:    1.4457
2024-12-19 07:39:52,336 - INFO - epoch  52 | loss:    0.1806,  val_0_unsup_loss_numpy:   20.6178
2024-12-19 07:49:41,439 - INFO - epoch  53 | loss:    0.1793,  val_0_unsup_loss_numpy:    0.9324
2024-12-19 07:59:29,895 - INFO - epoch  54 | loss:    0.1787,  val_0_unsup_loss_numpy:    0.6942
2024-12-19 08:09:19,542 - INFO - epoch  55 | loss:    0.1784,  val_0_unsup_loss_numpy:    0.9371
2024-12-19 08:19:08,246 - INFO - epoch  56 | loss:    0.1775,  val_0_unsup_loss_numpy:    0.6452
2024-12-19 08:28:57,217 - INFO - epoch  57 | loss:    0.1830,  val_0_unsup_loss_numpy:    0.6953
2024-12-19 08:38:46,956 - INFO - epoch  58 | loss:    0.1762,  val_0_unsup_loss_numpy:    0.8321
2024-12-19 08:48:36,082 - INFO - epoch  59 | loss:    0.1753,  val_0_unsup_loss_numpy:    1.3197
2024-12-19 08:58:25,903 - INFO - epoch  60 | loss:    0.1749,  val_0_unsup_loss_numpy:    0.7255
2024-12-19 09:08:14,899 - INFO - epoch  61 | loss:    0.1743,  val_0_unsup_loss_numpy:    2.2516
2024-12-19 09:18:03,423 - INFO - epoch  62 | loss:    0.1740,  val_0_unsup_loss_numpy:    1.0374
2024-12-19 09:27:52,777 - INFO - epoch  63 | loss:    0.1737,  val_0_unsup_loss_numpy:    0.7848
2024-12-19 09:37:41,571 - INFO - epoch  64 | loss:    0.1729,  val_0_unsup_loss_numpy:    0.6842
2024-12-19 09:47:30,342 - INFO - epoch  65 | loss:    0.1722,  val_0_unsup_loss_numpy:    0.5796
2024-12-19 09:57:18,971 - INFO - epoch  66 | loss:    0.1719,  val_0_unsup_loss_numpy:    0.5334
2024-12-19 10:07:08,261 - INFO - epoch  67 | loss:    0.1727,  val_0_unsup_loss_numpy:    0.5625
2024-12-19 10:16:57,553 - INFO - epoch  68 | loss:    0.1710,  val_0_unsup_loss_numpy:    0.5877
2024-12-19 10:26:46,227 - INFO - epoch  69 | loss:    0.1706,  val_0_unsup_loss_numpy:    0.6161
2024-12-19 10:36:35,573 - INFO - epoch  70 | loss:    0.1703,  val_0_unsup_loss_numpy:    0.9008
2024-12-19 10:46:24,774 - INFO - epoch  71 | loss:    0.1701,  val_0_unsup_loss_numpy:    0.5283
2024-12-19 10:56:12,637 - INFO - epoch  72 | loss:    0.1692,  val_0_unsup_loss_numpy:    0.5115
2024-12-19 11:06:02,393 - INFO - epoch  73 | loss:    0.1691,  val_0_unsup_loss_numpy:    0.4683
2024-12-19 11:15:51,528 - INFO - epoch  74 | loss:    0.1688,  val_0_unsup_loss_numpy:    0.4474
2024-12-19 11:25:41,514 - INFO - epoch  75 | loss:    0.1685,  val_0_unsup_loss_numpy:    0.4548
2024-12-19 11:35:31,538 - INFO - epoch  76 | loss:    0.1682,  val_0_unsup_loss_numpy:    0.5983
2024-12-19 11:45:22,803 - INFO - epoch  77 | loss:    0.1677,  val_0_unsup_loss_numpy:    0.4842
2024-12-19 11:55:13,514 - INFO - epoch  78 | loss:    0.1674,  val_0_unsup_loss_numpy:    0.4722
2024-12-19 12:05:08,107 - INFO - epoch  79 | loss:    0.1669,  val_0_unsup_loss_numpy:    5.0002
2024-12-19 12:15:00,081 - INFO - epoch  80 | loss:    0.1664,  val_0_unsup_loss_numpy:    0.7616
2024-12-19 12:24:52,634 - INFO - epoch  81 | loss:    0.1666,  val_0_unsup_loss_numpy:    0.5308
2024-12-19 12:34:43,635 - INFO - epoch  82 | loss:    0.1664,  val_0_unsup_loss_numpy:    0.5859
2024-12-19 12:44:34,050 - INFO - epoch  83 | loss:    0.1660,  val_0_unsup_loss_numpy:    3.8518
2024-12-19 12:54:24,539 - INFO - epoch  84 | loss:    0.1657,  val_0_unsup_loss_numpy:    0.4966
2024-12-19 13:04:15,066 - INFO - epoch  85 | loss:    0.1653,  val_0_unsup_loss_numpy:    0.5028
2024-12-19 13:14:05,526 - INFO - epoch  86 | loss:    0.1654,  val_0_unsup_loss_numpy:    1.5810
2024-12-19 13:23:56,332 - INFO - epoch  87 | loss:    0.1646,  val_0_unsup_loss_numpy:    2.2397
2024-12-19 13:33:46,204 - INFO - epoch  88 | loss:    0.1643,  val_0_unsup_loss_numpy:    1.4439
2024-12-19 13:43:36,790 - INFO - epoch  89 | loss:    0.1641,  val_0_unsup_loss_numpy:    3.1367
2024-12-19 13:53:26,849 - INFO - epoch  90 | loss:    0.1635,  val_0_unsup_loss_numpy:    0.6921
2024-12-19 14:03:17,615 - INFO - epoch  91 | loss:    0.1640,  val_0_unsup_loss_numpy:    0.8929
2024-12-19 14:13:08,729 - INFO - epoch  92 | loss:    0.1642,  val_0_unsup_loss_numpy:    0.4555
2024-12-19 14:22:59,120 - INFO - epoch  93 | loss:    0.1632,  val_0_unsup_loss_numpy:    1.4075
2024-12-19 14:32:49,402 - INFO - epoch  94 | loss:    0.1628,  val_0_unsup_loss_numpy:    6.4690
2024-12-19 14:42:38,901 - INFO - epoch  95 | loss:    0.1628,  val_0_unsup_loss_numpy:   25.1509
2024-12-19 14:52:29,210 - INFO - epoch  96 | loss:    0.1622,  val_0_unsup_loss_numpy:    3.7384
2024-12-19 15:02:18,068 - INFO - epoch  97 | loss:    0.1620,  val_0_unsup_loss_numpy:    0.7971
2024-12-19 15:12:34,192 - INFO - epoch  98 | loss:    0.1623,  val_0_unsup_loss_numpy:    4.6286
2024-12-19 15:22:57,294 - INFO - epoch  99 | loss:    0.1625,  val_0_unsup_loss_numpy:    0.4159
2024-12-19 15:33:18,813 - INFO - epoch 100 | loss:    0.1626,  val_0_unsup_loss_numpy:    0.4550
2024-12-19 15:33:23,218 - INFO - TabNet pretraining finished.
