2024-12-23 00:23:13,615 - INFO - Starting TabNet pretraining...
2024-12-23 00:33:02,801 - INFO - epoch   1 | loss:    8.2298,  val_0_unsup_loss_numpy:   31.2969
2024-12-23 00:42:49,086 - INFO - epoch   2 | loss:    0.4675,  val_0_unsup_loss_numpy:   29.7236
2024-12-23 00:52:27,349 - INFO - epoch   3 | loss:    0.3856,  val_0_unsup_loss_numpy:   20.0078
2024-12-23 01:02:13,195 - INFO - epoch   4 | loss:    0.3477,  val_0_unsup_loss_numpy:   21.5330
2024-12-23 01:11:55,096 - INFO - epoch   5 | loss:    0.3311,  val_0_unsup_loss_numpy:   16.9011
2024-12-23 01:21:35,633 - INFO - epoch   6 | loss:    0.3095,  val_0_unsup_loss_numpy:   15.6560
2024-12-23 01:31:14,959 - INFO - epoch   7 | loss:    0.2897,  val_0_unsup_loss_numpy:    9.4943
2024-12-23 01:41:02,708 - INFO - epoch   8 | loss:    0.2813,  val_0_unsup_loss_numpy:    8.5780
2024-12-23 01:50:53,245 - INFO - epoch   9 | loss:    0.2746,  val_0_unsup_loss_numpy:    6.9331
2024-12-23 02:00:44,744 - INFO - epoch  10 | loss:    0.2674,  val_0_unsup_loss_numpy:   17.5663
2024-12-23 02:10:24,717 - INFO - epoch  11 | loss:    0.2629,  val_0_unsup_loss_numpy:   18.5877
2024-12-23 02:20:12,425 - INFO - epoch  12 | loss:    0.2586,  val_0_unsup_loss_numpy:   10.8502
2024-12-23 02:29:51,294 - INFO - epoch  13 | loss:    0.2553,  val_0_unsup_loss_numpy:   12.4133
2024-12-23 02:39:34,142 - INFO - epoch  14 | loss:    0.2528,  val_0_unsup_loss_numpy:   10.1554
2024-12-23 02:49:12,942 - INFO - epoch  15 | loss:    0.2494,  val_0_unsup_loss_numpy:    3.2462
2024-12-23 02:58:52,669 - INFO - epoch  16 | loss:    0.2462,  val_0_unsup_loss_numpy:    4.7597
2024-12-23 03:08:29,680 - INFO - epoch  17 | loss:    0.2442,  val_0_unsup_loss_numpy:    3.3907
2024-12-23 03:18:08,245 - INFO - epoch  18 | loss:    0.2427,  val_0_unsup_loss_numpy:    8.3805
2024-12-23 03:27:48,801 - INFO - epoch  19 | loss:    0.2395,  val_0_unsup_loss_numpy:    3.2629
2024-12-23 03:37:26,463 - INFO - epoch  20 | loss:    0.2361,  val_0_unsup_loss_numpy:    2.5263
2024-12-23 03:47:04,116 - INFO - epoch  21 | loss:    0.2353,  val_0_unsup_loss_numpy:   10.2865
2024-12-23 03:56:51,884 - INFO - epoch  22 | loss:    0.2371,  val_0_unsup_loss_numpy:    3.6042
2024-12-23 04:06:29,492 - INFO - epoch  23 | loss:    0.2310,  val_0_unsup_loss_numpy:    2.8823
2024-12-23 04:16:12,698 - INFO - epoch  24 | loss:    0.2294,  val_0_unsup_loss_numpy:    2.9988
2024-12-23 04:25:54,207 - INFO - epoch  25 | loss:    0.2262,  val_0_unsup_loss_numpy:    3.5364
2024-12-23 04:35:35,567 - INFO - epoch  26 | loss:    0.2237,  val_0_unsup_loss_numpy:    3.6673
2024-12-23 04:45:20,351 - INFO - epoch  27 | loss:    0.2222,  val_0_unsup_loss_numpy:    4.3614
2024-12-23 04:55:01,419 - INFO - epoch  28 | loss:    0.2195,  val_0_unsup_loss_numpy:    4.7944
2024-12-23 05:04:41,838 - INFO - epoch  29 | loss:    0.2183,  val_0_unsup_loss_numpy:    4.3255
2024-12-23 05:14:18,830 - INFO - epoch  30 | loss:    0.2164,  val_0_unsup_loss_numpy:    4.4074
2024-12-23 05:24:05,758 - INFO - epoch  31 | loss:    0.2151,  val_0_unsup_loss_numpy:   22.7329
2024-12-23 05:33:44,643 - INFO - epoch  32 | loss:    0.2140,  val_0_unsup_loss_numpy:   20.1341
2024-12-23 05:43:13,323 - INFO - epoch  33 | loss:    0.2125,  val_0_unsup_loss_numpy:    2.7945
2024-12-23 05:52:56,749 - INFO - epoch  34 | loss:    0.2122,  val_0_unsup_loss_numpy:    2.9497
2024-12-23 06:02:36,149 - INFO - epoch  35 | loss:    0.2112,  val_0_unsup_loss_numpy:    4.4693
2024-12-23 06:12:19,706 - INFO - epoch  36 | loss:    0.2099,  val_0_unsup_loss_numpy:    3.5401
2024-12-23 06:21:56,166 - INFO - epoch  37 | loss:    0.2094,  val_0_unsup_loss_numpy:    5.0630
2024-12-23 06:31:37,054 - INFO - epoch  38 | loss:    0.2086,  val_0_unsup_loss_numpy:    4.1713
2024-12-23 06:41:16,886 - INFO - epoch  39 | loss:    0.2083,  val_0_unsup_loss_numpy:    3.4540
2024-12-23 06:50:47,764 - INFO - epoch  40 | loss:    0.2075,  val_0_unsup_loss_numpy:    4.2282
2024-12-23 07:00:20,685 - INFO - epoch  41 | loss:    0.2067,  val_0_unsup_loss_numpy:    3.1678
2024-12-23 07:09:57,372 - INFO - epoch  42 | loss:    0.2063,  val_0_unsup_loss_numpy:    5.6757
2024-12-23 07:19:31,381 - INFO - epoch  43 | loss:    0.2057,  val_0_unsup_loss_numpy:  161.8320
2024-12-23 07:28:56,538 - INFO - epoch  44 | loss:    0.2046,  val_0_unsup_loss_numpy:    2.9974
2024-12-23 07:38:27,831 - INFO - epoch  45 | loss:    0.2031,  val_0_unsup_loss_numpy:    3.0058
2024-12-23 07:48:08,543 - INFO - epoch  46 | loss:    0.2019,  val_0_unsup_loss_numpy:    3.8476
2024-12-23 07:57:47,004 - INFO - epoch  47 | loss:    0.2012,  val_0_unsup_loss_numpy:    4.7203
2024-12-23 08:07:24,322 - INFO - epoch  48 | loss:    0.2010,  val_0_unsup_loss_numpy:    6.1545
2024-12-23 08:17:03,399 - INFO - epoch  49 | loss:    0.2018,  val_0_unsup_loss_numpy:    3.2467
2024-12-23 08:26:41,740 - INFO - epoch  50 | loss:    0.1994,  val_0_unsup_loss_numpy:    5.3227
2024-12-23 08:36:16,736 - INFO - epoch  51 | loss:    0.1986,  val_0_unsup_loss_numpy:    2.9197
2024-12-23 08:46:02,130 - INFO - epoch  52 | loss:    0.1982,  val_0_unsup_loss_numpy:    3.3742
2024-12-23 08:55:41,695 - INFO - epoch  53 | loss:    0.1978,  val_0_unsup_loss_numpy:    3.0619
2024-12-23 09:05:11,248 - INFO - epoch  54 | loss:    0.1966,  val_0_unsup_loss_numpy:    2.6039
2024-12-23 09:14:45,700 - INFO - epoch  55 | loss:    0.1963,  val_0_unsup_loss_numpy:    2.8171
2024-12-23 09:24:21,963 - INFO - epoch  56 | loss:    0.1958,  val_0_unsup_loss_numpy:    2.6979
2024-12-23 09:34:00,745 - INFO - epoch  57 | loss:    0.1957,  val_0_unsup_loss_numpy:    5.1985
2024-12-23 09:43:37,547 - INFO - epoch  58 | loss:    0.1948,  val_0_unsup_loss_numpy:    3.1039
2024-12-23 09:53:19,069 - INFO - epoch  59 | loss:    0.1946,  val_0_unsup_loss_numpy:    3.2377
2024-12-23 10:03:13,275 - INFO - epoch  60 | loss:    0.1935,  val_0_unsup_loss_numpy:    2.6175
2024-12-23 10:13:11,651 - INFO - epoch  61 | loss:    0.1935,  val_0_unsup_loss_numpy:    2.6242
2024-12-23 10:23:13,163 - INFO - epoch  62 | loss:    0.1929,  val_0_unsup_loss_numpy:    2.4825
2024-12-23 10:33:15,751 - INFO - epoch  63 | loss:    0.1927,  val_0_unsup_loss_numpy:    2.6776
2024-12-23 10:43:07,543 - INFO - epoch  64 | loss:    0.1923,  val_0_unsup_loss_numpy:    2.4686
2024-12-23 10:53:03,237 - INFO - epoch  65 | loss:    0.1914,  val_0_unsup_loss_numpy:    2.1913
2024-12-23 11:02:56,046 - INFO - epoch  66 | loss:    0.1913,  val_0_unsup_loss_numpy:    2.5058
2024-12-23 11:12:53,324 - INFO - epoch  67 | loss:    0.1914,  val_0_unsup_loss_numpy:    2.1908
2024-12-23 11:22:42,845 - INFO - epoch  68 | loss:    0.1908,  val_0_unsup_loss_numpy:    2.3708
2024-12-23 11:33:29,076 - INFO - epoch  69 | loss:    0.1901,  val_0_unsup_loss_numpy:    4.6503
2024-12-23 11:44:30,645 - INFO - epoch  70 | loss:    0.1901,  val_0_unsup_loss_numpy:    3.8697
2024-12-23 11:55:13,796 - INFO - epoch  71 | loss:    0.1897,  val_0_unsup_loss_numpy:    2.0746
2024-12-23 12:05:55,999 - INFO - epoch  72 | loss:    0.1891,  val_0_unsup_loss_numpy:    2.8023
2024-12-23 12:16:37,339 - INFO - epoch  73 | loss:    0.1888,  val_0_unsup_loss_numpy:    2.2321
2024-12-23 12:27:19,133 - INFO - epoch  74 | loss:    0.1888,  val_0_unsup_loss_numpy:    3.7724
2024-12-23 12:37:52,673 - INFO - epoch  75 | loss:    0.1883,  val_0_unsup_loss_numpy:    2.6492
2024-12-23 12:48:28,711 - INFO - epoch  76 | loss:    0.1876,  val_0_unsup_loss_numpy:    2.5111
2024-12-23 12:59:06,863 - INFO - epoch  77 | loss:    0.1872,  val_0_unsup_loss_numpy:    2.0600
2024-12-23 13:09:37,052 - INFO - epoch  78 | loss:    0.1856,  val_0_unsup_loss_numpy:    2.1806
2024-12-23 13:20:12,381 - INFO - epoch  79 | loss:    0.2057,  val_0_unsup_loss_numpy:    2.3160
2024-12-23 13:30:52,267 - INFO - epoch  80 | loss:    0.1839,  val_0_unsup_loss_numpy:    2.0680
2024-12-23 13:41:29,951 - INFO - epoch  81 | loss:    0.1837,  val_0_unsup_loss_numpy:    2.4090
2024-12-23 13:52:04,983 - INFO - epoch  82 | loss:    0.1831,  val_0_unsup_loss_numpy:    1.9730
2024-12-23 14:02:41,195 - INFO - epoch  83 | loss:    0.1827,  val_0_unsup_loss_numpy:    2.2653
2024-12-23 14:33:34,676 - INFO - epoch  84 | loss:    0.1821,  val_0_unsup_loss_numpy:    1.8838
2024-12-23 14:43:21,183 - INFO - epoch  85 | loss:    0.1822,  val_0_unsup_loss_numpy:    2.4705
2024-12-23 14:53:08,964 - INFO - epoch  86 | loss:    0.1813,  val_0_unsup_loss_numpy:    2.1229
2024-12-23 15:02:55,177 - INFO - epoch  87 | loss:    0.1812,  val_0_unsup_loss_numpy:    2.5771
2024-12-23 15:13:07,419 - INFO - epoch  88 | loss:    0.1810,  val_0_unsup_loss_numpy:    1.9129
2024-12-23 15:24:23,402 - INFO - epoch  89 | loss:    0.1808,  val_0_unsup_loss_numpy:    3.0483
2024-12-23 15:39:34,484 - INFO - epoch  90 | loss:    0.1807,  val_0_unsup_loss_numpy:    1.8381
2024-12-23 15:50:35,826 - INFO - epoch  91 | loss:    0.1802,  val_0_unsup_loss_numpy:    1.6404
2024-12-23 16:01:34,592 - INFO - epoch  92 | loss:    0.1800,  val_0_unsup_loss_numpy:    1.6505
2024-12-23 16:13:31,455 - INFO - epoch  93 | loss:    0.1799,  val_0_unsup_loss_numpy:    1.1865
2024-12-23 16:24:43,205 - INFO - epoch  94 | loss:    0.1798,  val_0_unsup_loss_numpy:    1.6353
2024-12-23 16:34:48,710 - INFO - epoch  95 | loss:    0.1794,  val_0_unsup_loss_numpy:    1.9955
2024-12-23 16:44:45,893 - INFO - epoch  96 | loss:    0.1791,  val_0_unsup_loss_numpy:    1.5433
2024-12-23 16:54:42,436 - INFO - epoch  97 | loss:    0.1790,  val_0_unsup_loss_numpy:    1.6945
2024-12-23 17:04:38,436 - INFO - epoch  98 | loss:    0.1787,  val_0_unsup_loss_numpy:    1.6321
2024-12-23 17:14:33,166 - INFO - epoch  99 | loss:    0.1786,  val_0_unsup_loss_numpy:    1.8029
2024-12-23 17:24:28,276 - INFO - epoch 100 | loss:    0.1784,  val_0_unsup_loss_numpy:    1.9089
2024-12-23 17:24:28,331 - INFO - TabNet pretraining finished.
