2024-12-21 20:50:51,517 - INFO - Starting TabNet pretraining...
2024-12-21 20:56:49,241 - INFO - epoch   1 | loss: 4583.4441,  val_0_unsup_loss_numpy: 7253.5845
2024-12-21 20:57:25,907 - INFO - epoch   2 | loss:  418.4033,  val_0_unsup_loss_numpy: 8674.3447
2024-12-21 20:58:02,551 - INFO - epoch   3 | loss:   16.3669,  val_0_unsup_loss_numpy: 7303.9131
2024-12-21 20:59:55,552 - INFO - epoch  19 | loss:    0.2180,  val_0_unsup_loss_numpy:    0.7831
2024-12-21 21:12:43,305 - INFO - epoch  20 | loss:    0.2155,  val_0_unsup_loss_numpy:    1.2361
2024-12-21 21:25:18,448 - INFO - epoch  21 | loss:    0.2146,  val_0_unsup_loss_numpy:   13.1178
2024-12-21 21:38:09,543 - INFO - epoch  22 | loss:    0.2107,  val_0_unsup_loss_numpy:    1.0036
2024-12-21 21:50:50,963 - INFO - epoch  23 | loss:    0.2089,  val_0_unsup_loss_numpy:    2.0830
2024-12-21 22:03:12,299 - INFO - epoch  24 | loss:    0.2076,  val_0_unsup_loss_numpy:    2.3022
2024-12-21 22:15:17,912 - INFO - epoch  25 | loss:    0.2067,  val_0_unsup_loss_numpy:    1.2379
2024-12-21 22:27:36,904 - INFO - epoch  26 | loss:    0.2054,  val_0_unsup_loss_numpy:    0.8434
2024-12-21 22:39:52,227 - INFO - epoch  27 | loss:    0.2040,  val_0_unsup_loss_numpy:    0.7974
2024-12-21 22:52:14,919 - INFO - epoch  28 | loss:    0.2021,  val_0_unsup_loss_numpy:    1.7266
2024-12-21 23:03:43,208 - INFO - epoch  29 | loss:    0.2017,  val_0_unsup_loss_numpy:    0.7372
2024-12-21 23:14:07,511 - INFO - epoch  30 | loss:    0.2001,  val_0_unsup_loss_numpy:    1.1037
2024-12-21 23:24:31,432 - INFO - epoch  31 | loss:    0.1987,  val_0_unsup_loss_numpy:  108.5193
2024-12-21 23:34:55,521 - INFO - epoch  32 | loss:    0.1983,  val_0_unsup_loss_numpy:    0.7102
2024-12-21 23:45:18,309 - INFO - epoch  33 | loss:    0.1973,  val_0_unsup_loss_numpy:    1.0171
2024-12-21 23:55:28,413 - INFO - epoch  34 | loss:    0.1969,  val_0_unsup_loss_numpy:    2.2736
2024-12-22 00:05:42,757 - INFO - epoch  35 | loss:    0.1951,  val_0_unsup_loss_numpy:    1.2323
2024-12-22 00:15:53,660 - INFO - epoch  36 | loss:    0.1949,  val_0_unsup_loss_numpy:    1.5248
2024-12-22 00:26:00,537 - INFO - epoch  37 | loss:    0.1941,  val_0_unsup_loss_numpy:   13.9364
2024-12-22 00:36:15,748 - INFO - epoch  38 | loss:    0.1932,  val_0_unsup_loss_numpy:    0.7522
2024-12-22 00:46:18,203 - INFO - epoch  39 | loss:    0.1914,  val_0_unsup_loss_numpy:    1.2740
2024-12-22 00:56:24,843 - INFO - epoch  40 | loss:    0.1909,  val_0_unsup_loss_numpy:    0.7614
2024-12-22 01:06:30,207 - INFO - epoch  41 | loss:    0.1900,  val_0_unsup_loss_numpy:    0.9574
2024-12-22 01:16:27,830 - INFO - epoch  42 | loss:    0.1879,  val_0_unsup_loss_numpy:    0.9812
2024-12-22 01:26:36,964 - INFO - epoch  43 | loss:    0.1868,  val_0_unsup_loss_numpy:    1.1462
2024-12-22 01:36:46,899 - INFO - epoch  44 | loss:    0.1858,  val_0_unsup_loss_numpy:    2.7424
2024-12-22 01:46:58,464 - INFO - epoch  45 | loss:    0.1854,  val_0_unsup_loss_numpy:    2.9019
2024-12-22 01:57:07,937 - INFO - epoch  46 | loss:    0.1844,  val_0_unsup_loss_numpy:    6.3557
2024-12-22 02:07:12,628 - INFO - epoch  47 | loss:    0.1836,  val_0_unsup_loss_numpy:    2.6143
2024-12-22 02:17:21,589 - INFO - epoch  48 | loss:    0.1832,  val_0_unsup_loss_numpy:    2.5032
2024-12-22 02:27:28,462 - INFO - epoch  49 | loss:    0.1826,  val_0_unsup_loss_numpy:    6.8156
2024-12-22 02:37:28,048 - INFO - epoch  50 | loss:    0.1814,  val_0_unsup_loss_numpy:    0.7589
2024-12-22 02:47:40,533 - INFO - epoch  51 | loss:    0.1806,  val_0_unsup_loss_numpy:    0.7960
2024-12-22 02:57:48,830 - INFO - epoch  52 | loss:    0.1788,  val_0_unsup_loss_numpy:    0.8684
2024-12-22 03:07:53,175 - INFO - epoch  53 | loss:    0.1784,  val_0_unsup_loss_numpy:    0.8780
2024-12-22 03:17:59,944 - INFO - epoch  54 | loss:    0.1777,  val_0_unsup_loss_numpy:    2.2819
2024-12-22 03:28:04,848 - INFO - epoch  55 | loss:    0.1772,  val_0_unsup_loss_numpy:    1.1418
2024-12-22 03:38:09,865 - INFO - epoch  56 | loss:    0.1763,  val_0_unsup_loss_numpy:    1.1412
2024-12-22 03:48:16,597 - INFO - epoch  57 | loss:    0.1762,  val_0_unsup_loss_numpy:    1.7406
2024-12-22 03:58:30,560 - INFO - epoch  58 | loss:    0.1759,  val_0_unsup_loss_numpy:    1.4207
2024-12-22 04:08:29,512 - INFO - epoch  59 | loss:    0.1753,  val_0_unsup_loss_numpy:    0.9709
2024-12-22 04:18:27,768 - INFO - epoch  60 | loss:    0.1746,  val_0_unsup_loss_numpy:    1.6804
2024-12-22 04:28:34,881 - INFO - epoch  61 | loss:    0.1747,  val_0_unsup_loss_numpy:    0.5425
2024-12-22 04:38:41,095 - INFO - epoch  62 | loss:    0.1738,  val_0_unsup_loss_numpy:    0.6887
2024-12-22 04:48:49,556 - INFO - epoch  63 | loss:    0.1735,  val_0_unsup_loss_numpy:    4.7650
2024-12-22 04:58:51,690 - INFO - epoch  64 | loss:    0.1730,  val_0_unsup_loss_numpy:    0.5684
2024-12-22 05:08:53,749 - INFO - epoch  65 | loss:    0.1720,  val_0_unsup_loss_numpy:    0.8234
2024-12-22 05:18:58,641 - INFO - epoch  66 | loss:    0.1716,  val_0_unsup_loss_numpy:    1.2865
2024-12-22 05:29:08,451 - INFO - epoch  67 | loss:    0.1712,  val_0_unsup_loss_numpy:    0.8189
2024-12-22 05:39:14,056 - INFO - epoch  68 | loss:    0.1706,  val_0_unsup_loss_numpy:    8.1702
2024-12-22 05:49:23,684 - INFO - epoch  69 | loss:    0.1701,  val_0_unsup_loss_numpy:    0.6018
2024-12-22 05:59:23,746 - INFO - epoch  70 | loss:    0.1698,  val_0_unsup_loss_numpy:    0.7293
2024-12-22 06:09:22,187 - INFO - epoch  71 | loss:    0.1695,  val_0_unsup_loss_numpy:    0.8236
2024-12-22 06:19:26,501 - INFO - epoch  72 | loss:    0.1684,  val_0_unsup_loss_numpy:    0.5048
2024-12-22 06:29:33,356 - INFO - epoch  73 | loss:    0.1673,  val_0_unsup_loss_numpy:    0.5698
2024-12-22 06:39:36,903 - INFO - epoch  74 | loss:    0.1671,  val_0_unsup_loss_numpy:    1.3259
2024-12-22 06:49:42,630 - INFO - epoch  75 | loss:    0.1666,  val_0_unsup_loss_numpy:    1.3606
2024-12-22 06:59:47,767 - INFO - epoch  76 | loss:    0.1664,  val_0_unsup_loss_numpy:    0.7726
2024-12-22 07:09:59,212 - INFO - epoch  77 | loss:    0.1662,  val_0_unsup_loss_numpy:    0.8858
2024-12-22 07:20:06,961 - INFO - epoch  78 | loss:    0.1671,  val_0_unsup_loss_numpy:    0.7672
2024-12-22 07:30:14,332 - INFO - epoch  79 | loss:    0.1655,  val_0_unsup_loss_numpy:    2.5211
2024-12-22 07:40:08,913 - INFO - epoch  80 | loss:    0.1653,  val_0_unsup_loss_numpy:    1.1757
2024-12-22 07:50:12,586 - INFO - epoch  81 | loss:    0.1658,  val_0_unsup_loss_numpy:    0.8228
2024-12-22 08:00:14,039 - INFO - epoch  82 | loss:    0.1658,  val_0_unsup_loss_numpy:    1.0532
2024-12-22 08:10:19,326 - INFO - epoch  83 | loss:    0.1655,  val_0_unsup_loss_numpy:    0.7302
2024-12-22 08:20:29,129 - INFO - epoch  84 | loss:    0.1652,  val_0_unsup_loss_numpy:    1.5492
2024-12-22 08:30:31,146 - INFO - epoch  85 | loss:    0.1644,  val_0_unsup_loss_numpy:    0.3845
2024-12-22 08:40:37,308 - INFO - epoch  86 | loss:    0.1639,  val_0_unsup_loss_numpy:    0.9382
2024-12-22 08:50:45,207 - INFO - epoch  87 | loss:    0.1636,  val_0_unsup_loss_numpy:    0.8346
2024-12-22 09:00:49,418 - INFO - epoch  88 | loss:    0.1640,  val_0_unsup_loss_numpy:    0.4854
2024-12-22 09:10:42,652 - INFO - epoch  89 | loss:    0.1633,  val_0_unsup_loss_numpy:    0.4768
2024-12-22 09:20:41,440 - INFO - epoch  90 | loss:    0.1635,  val_0_unsup_loss_numpy:    1.2343
2024-12-22 09:30:44,692 - INFO - epoch  91 | loss:    0.1635,  val_0_unsup_loss_numpy:    1.3331
2024-12-22 09:40:44,452 - INFO - epoch  92 | loss:    0.1632,  val_0_unsup_loss_numpy:    0.7224
2024-12-22 09:51:20,735 - INFO - epoch  93 | loss:    0.1629,  val_0_unsup_loss_numpy:    0.9795
2024-12-22 10:01:41,183 - INFO - epoch  94 | loss:    0.1628,  val_0_unsup_loss_numpy:    0.7473
2024-12-22 10:12:04,239 - INFO - epoch  95 | loss:    0.1624,  val_0_unsup_loss_numpy:    1.2540
2024-12-22 10:22:14,106 - INFO - epoch  96 | loss:    0.1621,  val_0_unsup_loss_numpy:    2.6715
2024-12-22 10:32:52,165 - INFO - epoch  97 | loss:    0.1618,  val_0_unsup_loss_numpy:    0.9539
2024-12-22 10:43:36,646 - INFO - epoch  98 | loss:    0.1617,  val_0_unsup_loss_numpy:    0.8844
2024-12-22 10:54:20,134 - INFO - epoch  99 | loss:    0.1617,  val_0_unsup_loss_numpy:    1.0604
2024-12-22 11:04:59,368 - INFO - epoch 100 | loss:    0.1614,  val_0_unsup_loss_numpy:    0.8700
2024-12-22 11:04:59,442 - INFO - TabNet pretraining finished.
